  Execute.cpp
C:\Users\user\Desktop\내 파일\01_MyGitProjects\DX12EngineStudy\DX12Engine\01_Util\chunk.hpp(96,2): error C3855: 'chunk': 템플릿 매개 변수 'T'이(가) 선언과 호환되지 않습니다.
C:\Users\user\Desktop\내 파일\01_MyGitProjects\DX12EngineStudy\DX12Engine\01_Util\chunk.hpp(105,2): error C3855: 'chunk': 템플릿 매개 변수 'T'이(가) 선언과 호환되지 않습니다.
C:\Users\user\Desktop\내 파일\01_MyGitProjects\DX12EngineStudy\DX12Engine\01_Util\chunk.hpp(105,2): error C2977: 'chunk': 템플릿 인수가 너무 많습니다.
C:\Users\user\Desktop\내 파일\01_MyGitProjects\DX12EngineStudy\DX12Engine\01_Util\chunk.hpp(99,7): message : 'chunk' 선언을 참조하십시오.
C:\Users\user\Desktop\내 파일\01_MyGitProjects\DX12EngineStudy\DX12Engine\01_Util\chunk.hpp(114,2): error C3855: 'chunk': 템플릿 매개 변수 'T'이(가) 선언과 호환되지 않습니다.
C:\Users\user\Desktop\내 파일\01_MyGitProjects\DX12EngineStudy\DX12Engine\01_Util\chunk.hpp(114,2): error C2977: 'chunk': 템플릿 인수가 너무 많습니다.
C:\Users\user\Desktop\내 파일\01_MyGitProjects\DX12EngineStudy\DX12Engine\01_Util\chunk.hpp(108,7): message : 'chunk' 선언을 참조하십시오.
C:\Users\user\Desktop\내 파일\01_MyGitProjects\DX12EngineStudy\DX12Engine\01_Util\chunk.hpp(123,2): error C3855: 'chunk': 템플릿 매개 변수 'T'이(가) 선언과 호환되지 않습니다.
C:\Users\user\Desktop\내 파일\01_MyGitProjects\DX12EngineStudy\DX12Engine\01_Util\chunk.hpp(123,2): error C2977: 'chunk': 템플릿 인수가 너무 많습니다.
C:\Users\user\Desktop\내 파일\01_MyGitProjects\DX12EngineStudy\DX12Engine\01_Util\chunk.hpp(117,7): message : 'chunk' 선언을 참조하십시오.
C:\Users\user\Desktop\내 파일\01_MyGitProjects\DX12EngineStudy\DX12Engine\01_Util\chunk.hpp(132,2): error C3855: 'chunk': 템플릿 매개 변수 'T'이(가) 선언과 호환되지 않습니다.
C:\Users\user\Desktop\내 파일\01_MyGitProjects\DX12EngineStudy\DX12Engine\01_Util\chunk.hpp(132,2): error C2977: 'chunk': 템플릿 인수가 너무 많습니다.
C:\Users\user\Desktop\내 파일\01_MyGitProjects\DX12EngineStudy\DX12Engine\01_Util\chunk.hpp(126,7): message : 'chunk' 선언을 참조하십시오.
C:\Users\user\Desktop\내 파일\01_MyGitProjects\DX12EngineStudy\DX12Engine\01_Util\chunk.hpp(141,2): error C3855: 'chunk': 템플릿 매개 변수 'T'이(가) 선언과 호환되지 않습니다.
C:\Users\user\Desktop\내 파일\01_MyGitProjects\DX12EngineStudy\DX12Engine\01_Util\chunk.hpp(141,2): error C2977: 'chunk': 템플릿 인수가 너무 많습니다.
C:\Users\user\Desktop\내 파일\01_MyGitProjects\DX12EngineStudy\DX12Engine\01_Util\chunk.hpp(135,7): message : 'chunk' 선언을 참조하십시오.
C:\Users\user\Desktop\내 파일\01_MyGitProjects\DX12EngineStudy\DX12Engine\01_Util\chunk.hpp(150,2): error C3855: 'chunk': 템플릿 매개 변수 'T'이(가) 선언과 호환되지 않습니다.
C:\Users\user\Desktop\내 파일\01_MyGitProjects\DX12EngineStudy\DX12Engine\01_Util\chunk.hpp(150,2): error C2977: 'chunk': 템플릿 인수가 너무 많습니다.
C:\Users\user\Desktop\내 파일\01_MyGitProjects\DX12EngineStudy\DX12Engine\01_Util\chunk.hpp(144,7): message : 'chunk' 선언을 참조하십시오.
C:\Users\user\Desktop\내 파일\01_MyGitProjects\DX12EngineStudy\DX12Engine\01_Util\chunk.hpp(159,2): error C3855: 'chunk': 템플릿 매개 변수 'T'이(가) 선언과 호환되지 않습니다.
C:\Users\user\Desktop\내 파일\01_MyGitProjects\DX12EngineStudy\DX12Engine\01_Util\chunk.hpp(159,2): error C2977: 'chunk': 템플릿 인수가 너무 많습니다.
C:\Users\user\Desktop\내 파일\01_MyGitProjects\DX12EngineStudy\DX12Engine\01_Util\chunk.hpp(153,7): message : 'chunk' 선언을 참조하십시오.
C:\Users\user\Desktop\내 파일\01_MyGitProjects\DX12EngineStudy\DX12Engine\01_Util\chunk.hpp(168,2): error C3855: 'chunk': 템플릿 매개 변수 'T'이(가) 선언과 호환되지 않습니다.
C:\Users\user\Desktop\내 파일\01_MyGitProjects\DX12EngineStudy\DX12Engine\01_Util\chunk.hpp(168,2): error C2977: 'chunk': 템플릿 인수가 너무 많습니다.
C:\Users\user\Desktop\내 파일\01_MyGitProjects\DX12EngineStudy\DX12Engine\01_Util\chunk.hpp(162,7): message : 'chunk' 선언을 참조하십시오.
C:\Users\user\Desktop\내 파일\01_MyGitProjects\DX12EngineStudy\DX12Engine\01_Util\chunk.hpp(177,2): error C3855: 'chunk': 템플릿 매개 변수 'T'이(가) 선언과 호환되지 않습니다.
C:\Users\user\Desktop\내 파일\01_MyGitProjects\DX12EngineStudy\DX12Engine\01_Util\chunk.hpp(177,2): error C2977: 'chunk': 템플릿 인수가 너무 많습니다.
C:\Users\user\Desktop\내 파일\01_MyGitProjects\DX12EngineStudy\DX12Engine\01_Util\chunk.hpp(171,7): message : 'chunk' 선언을 참조하십시오.
C:\Users\user\Desktop\내 파일\01_MyGitProjects\DX12EngineStudy\DX12Engine\Execute\Execute.cpp(37,38): error C2514: 'chunk': 클래스 템플릿을 생성할 수 없습니다.
C:\Users\user\Desktop\내 파일\01_MyGitProjects\DX12EngineStudy\DX12Engine\01_Util\chunk.hpp(171,7): message : 'chunk' 선언을 참조하십시오.
